<?xml version="1.0" encoding="UTF-8" standalone="no"?>
<!DOCTYPE log SYSTEM "logger.dtd">
<log>
<record>
  <date>2017-11-16T11:27:29</date>
  <millis>1510828049904</millis>
  <sequence>0</sequence>
  <level>START</level>
  <class>com.kms.katalon.core.logging.KeywordLogger</class>
  <method>startSuite</method>
  <thread>1</thread>
  <message>Start Test Suite : LoginEditForm</message>
  <nestedLevel>0</nestedLevel>
  <property name="name">LoginEditForm</property>
  <property name="description">Login and edit profile</property>
  <property name="id">Test Suites/LoginEditForm</property>
</record>
<record>
  <date>2017-11-16T11:27:29</date>
  <millis>1510828049922</millis>
  <sequence>1</sequence>
  <level>RUN_DATA</level>
  <class>com.kms.katalon.core.logging.KeywordLogger</class>
  <method>logMessage</method>
  <thread>1</thread>
  <message>Logging run data &amp;apos;hostName&amp;apos; with value &amp;apos;QH_05 - 192.168.18.128&amp;apos;</message>
  <nestedLevel>0</nestedLevel>
  <property name="hostName">QH_05 - 192.168.18.128</property>
</record>
<record>
  <date>2017-11-16T11:27:29</date>
  <millis>1510828049923</millis>
  <sequence>2</sequence>
  <level>RUN_DATA</level>
  <class>com.kms.katalon.core.logging.KeywordLogger</class>
  <method>logMessage</method>
  <thread>1</thread>
  <message>Logging run data &amp;apos;os&amp;apos; with value &amp;apos;Windows 10 64bit&amp;apos;</message>
  <nestedLevel>0</nestedLevel>
  <property name="os">Windows 10 64bit</property>
</record>
<record>
  <date>2017-11-16T11:27:29</date>
  <millis>1510828049924</millis>
  <sequence>3</sequence>
  <level>RUN_DATA</level>
  <class>com.kms.katalon.core.logging.KeywordLogger</class>
  <method>logMessage</method>
  <thread>1</thread>
  <message>Logging run data &amp;apos;hostAddress&amp;apos; with value &amp;apos;192.168.18.128&amp;apos;</message>
  <nestedLevel>0</nestedLevel>
  <property name="hostAddress">192.168.18.128</property>
</record>
<record>
  <date>2017-11-16T11:27:29</date>
  <millis>1510828049925</millis>
  <sequence>4</sequence>
  <level>RUN_DATA</level>
  <class>com.kms.katalon.core.logging.KeywordLogger</class>
  <method>logMessage</method>
  <thread>1</thread>
  <message>Logging run data &amp;apos;katalonVersion&amp;apos; with value &amp;apos;5.0.1.1&amp;apos;</message>
  <nestedLevel>0</nestedLevel>
  <property name="katalonVersion">5.0.1.1</property>
</record>
<record>
  <date>2017-11-16T11:27:30</date>
  <millis>1510828050235</millis>
  <sequence>5</sequence>
  <level>START</level>
  <class>com.kms.katalon.core.logging.KeywordLogger</class>
  <method>startTest</method>
  <thread>1</thread>
  <message>Start Test Case : Test Cases/LoginEditLogout/EditProfile</message>
  <nestedLevel>1</nestedLevel>
  <property name="name">Test Cases/LoginEditLogout/EditProfile</property>
  <property name="description">edit user profile</property>
  <property name="id">Test Cases/LoginEditLogout/EditProfile</property>
  <property name="source">C:\\Users\\QH_05\\Katalon Studio\\AcmeTest Cases\\LoginEditLogout\\EditProfile.tc</property>
  <property name="isOptional">false</property>
</record>
<record>
  <date>2017-11-16T11:27:30</date>
  <millis>1510828050361</millis>
  <sequence>6</sequence>
  <level>INFO</level>
  <class>com.kms.katalon.core.logging.KeywordLogger</class>
  <method>logMessage</method>
  <thread>1</thread>
  <message>Evaluating variables for test case</message>
  <nestedLevel>1</nestedLevel>
</record>
<record>
  <date>2017-11-16T11:27:30</date>
  <millis>1510828050663</millis>
  <sequence>7</sequence>
  <level>START</level>
  <class>com.kms.katalon.core.logging.KeywordLogger</class>
  <method>startKeyword</method>
  <thread>1</thread>
  <message>Start action : openBrowser</message>
  <nestedLevel>1</nestedLevel>
  <property name="startLine">23</property>
  <property name="stepIndex">1</property>
</record>
<record>
  <date>2017-11-16T11:27:30</date>
  <millis>1510828050958</millis>
  <sequence>8</sequence>
  <level>INFO</level>
  <class>com.kms.katalon.core.logging.KeywordLogger</class>
  <method>logMessage</method>
  <thread>1</thread>
  <message>Opening browser</message>
  <nestedLevel>1</nestedLevel>
</record>
<record>
  <date>2017-11-16T11:27:30</date>
  <millis>1510828050964</millis>
  <sequence>9</sequence>
  <level>INFO</level>
  <class>com.kms.katalon.core.logging.KeywordLogger</class>
  <method>logMessage</method>
  <thread>1</thread>
  <message>Starting &amp;apos;Chrome&amp;apos; driver</message>
  <nestedLevel>1</nestedLevel>
</record>
<record>
  <date>2017-11-16T11:27:30</date>
  <millis>1510828050990</millis>
  <sequence>10</sequence>
  <level>INFO</level>
  <class>com.kms.katalon.core.logging.KeywordLogger</class>
  <method>logMessage</method>
  <thread>1</thread>
  <message>Action delay is set to 0 seconds</message>
  <nestedLevel>1</nestedLevel>
</record>
<record>
  <date>2017-11-16T11:27:33</date>
  <millis>1510828053267</millis>
  <sequence>11</sequence>
  <level>RUN_DATA</level>
  <class>com.kms.katalon.core.logging.KeywordLogger</class>
  <method>logMessage</method>
  <thread>1</thread>
  <message>Logging run data &amp;apos;sessionId&amp;apos; with value &amp;apos;a8665ee5142b82a1b3f65d475151ee39&amp;apos;</message>
  <nestedLevel>1</nestedLevel>
  <property name="sessionId">a8665ee5142b82a1b3f65d475151ee39</property>
</record>
<record>
  <date>2017-11-16T11:27:33</date>
  <millis>1510828053295</millis>
  <sequence>12</sequence>
  <level>RUN_DATA</level>
  <class>com.kms.katalon.core.logging.KeywordLogger</class>
  <method>logMessage</method>
  <thread>1</thread>
  <message>Logging run data &amp;apos;browser&amp;apos; with value &amp;apos;Chrome 61.0.3163.100&amp;apos;</message>
  <nestedLevel>1</nestedLevel>
  <property name="browser">Chrome 61.0.3163.100</property>
</record>
<record>
  <date>2017-11-16T11:27:33</date>
  <millis>1510828053296</millis>
  <sequence>13</sequence>
  <level>RUN_DATA</level>
  <class>com.kms.katalon.core.logging.KeywordLogger</class>
  <method>logMessage</method>
  <thread>1</thread>
  <message>Logging run data &amp;apos;platform&amp;apos; with value &amp;apos;Windows 10&amp;apos;</message>
  <nestedLevel>1</nestedLevel>
  <property name="platform">Windows 10</property>
</record>
<record>
  <date>2017-11-16T11:27:33</date>
  <millis>1510828053299</millis>
  <sequence>14</sequence>
  <level>RUN_DATA</level>
  <class>com.kms.katalon.core.logging.KeywordLogger</class>
  <method>logMessage</method>
  <thread>1</thread>
  <message>Logging run data &amp;apos;seleniumVersion&amp;apos; with value &amp;apos;2.53.0&amp;apos;</message>
  <nestedLevel>1</nestedLevel>
  <property name="seleniumVersion">2.53.0</property>
</record>
<record>
  <date>2017-11-16T11:27:33</date>
  <millis>1510828053300</millis>
  <sequence>15</sequence>
  <level>RUN_DATA</level>
  <class>com.kms.katalon.core.logging.KeywordLogger</class>
  <method>logMessage</method>
  <thread>1</thread>
  <message>Logging run data &amp;apos;proxyInformation&amp;apos; with value &amp;apos;ProxyInformation{proxyOption=NO_PROXY, proxyServerType=HTTP, password=, proxyServerAddress=, proxyServerPort=0}&amp;apos;</message>
  <nestedLevel>1</nestedLevel>
  <property name="proxyInformation">ProxyInformation{proxyOption=NO_PROXY, proxyServerType=HTTP, password=, proxyServerAddress=, proxyServerPort=0}</property>
</record>
<record>
  <date>2017-11-16T11:27:33</date>
  <millis>1510828053301</millis>
  <sequence>16</sequence>
  <level>PASSED</level>
  <class>com.kms.katalon.core.logging.KeywordLogger</class>
  <method>logMessage</method>
  <thread>1</thread>
  <message>Browser is opened with url: &amp;apos;&amp;apos;</message>
  <nestedLevel>1</nestedLevel>
</record>
<record>
  <date>2017-11-16T11:27:33</date>
  <millis>1510828053302</millis>
  <sequence>17</sequence>
  <level>END</level>
  <class>com.kms.katalon.core.logging.KeywordLogger</class>
  <method>endKeyword</method>
  <thread>1</thread>
  <message>End action : openBrowser</message>
  <nestedLevel>1</nestedLevel>
</record>
<record>
  <date>2017-11-16T11:27:33</date>
  <millis>1510828053302</millis>
  <sequence>18</sequence>
  <level>START</level>
  <class>com.kms.katalon.core.logging.KeywordLogger</class>
  <method>startKeyword</method>
  <thread>1</thread>
  <message>Start action : navigateToUrl</message>
  <nestedLevel>1</nestedLevel>
  <property name="startLine">25</property>
  <property name="stepIndex">2</property>
</record>
<record>
  <date>2017-11-16T11:27:33</date>
  <millis>1510828053316</millis>
  <sequence>19</sequence>
  <level>INFO</level>
  <class>com.kms.katalon.core.logging.KeywordLogger</class>
  <method>logMessage</method>
  <thread>1</thread>
  <message>Checking url</message>
  <nestedLevel>1</nestedLevel>
</record>
<record>
  <date>2017-11-16T11:27:33</date>
  <millis>1510828053317</millis>
  <sequence>20</sequence>
  <level>INFO</level>
  <class>com.kms.katalon.core.logging.KeywordLogger</class>
  <method>logMessage</method>
  <thread>1</thread>
  <message>Navigating to &amp;apos;http://www.acme.qualityhouse.bg/build3/index.php&amp;apos;</message>
  <nestedLevel>1</nestedLevel>
</record>
<record>
  <date>2017-11-16T11:27:33</date>
  <millis>1510828053943</millis>
  <sequence>21</sequence>
  <level>PASSED</level>
  <class>com.kms.katalon.core.logging.KeywordLogger</class>
  <method>logMessage</method>
  <thread>1</thread>
  <message>Navigate to &amp;apos;http://www.acme.qualityhouse.bg/build3/index.php&amp;apos; successfully</message>
  <nestedLevel>1</nestedLevel>
</record>
<record>
  <date>2017-11-16T11:27:33</date>
  <millis>1510828053944</millis>
  <sequence>22</sequence>
  <level>END</level>
  <class>com.kms.katalon.core.logging.KeywordLogger</class>
  <method>endKeyword</method>
  <thread>1</thread>
  <message>End action : navigateToUrl</message>
  <nestedLevel>1</nestedLevel>
</record>
<record>
  <date>2017-11-16T11:27:33</date>
  <millis>1510828053945</millis>
  <sequence>23</sequence>
  <level>START</level>
  <class>com.kms.katalon.core.logging.KeywordLogger</class>
  <method>startKeyword</method>
  <thread>1</thread>
  <message>Start action : click</message>
  <nestedLevel>1</nestedLevel>
  <property name="startLine">27</property>
  <property name="stepIndex">3</property>
</record>
<record>
  <date>2017-11-16T11:27:33</date>
  <millis>1510828053949</millis>
  <sequence>24</sequence>
  <level>INFO</level>
  <class>com.kms.katalon.core.logging.KeywordLogger</class>
  <method>logMessage</method>
  <thread>1</thread>
  <message>Finding Test Object with id &amp;apos;Object Repository/EditProfile/Page_ACME ECOMM  Home/a_Login&amp;apos;</message>
  <nestedLevel>1</nestedLevel>
</record>
<record>
  <date>2017-11-16T11:27:33</date>
  <millis>1510828053966</millis>
  <sequence>25</sequence>
  <level>INFO</level>
  <class>com.kms.katalon.core.logging.KeywordLogger</class>
  <method>logMessage</method>
  <thread>1</thread>
  <message>Checking object</message>
  <nestedLevel>1</nestedLevel>
</record>
<record>
  <date>2017-11-16T11:27:33</date>
  <millis>1510828053966</millis>
  <sequence>26</sequence>
  <level>INFO</level>
  <class>com.kms.katalon.core.logging.KeywordLogger</class>
  <method>logMessage</method>
  <thread>1</thread>
  <message>Checking timeout</message>
  <nestedLevel>1</nestedLevel>
</record>
<record>
  <date>2017-11-16T11:27:33</date>
  <millis>1510828053971</millis>
  <sequence>27</sequence>
  <level>INFO</level>
  <class>com.kms.katalon.core.logging.KeywordLogger</class>
  <method>logMessage</method>
  <thread>1</thread>
  <message>Finding web element with id: &amp;apos;Object Repository/EditProfile/Page_ACME ECOMM  Home/a_Login&amp;apos; located by &amp;apos;By.xpath: //a[count(. | //*[@href = &amp;apos;index.php?page=login&amp;apos;]) = count(//*[@href = &amp;apos;index.php?page=login&amp;apos;])][count(. | //*[text() = &amp;apos;Login&amp;apos;]) = count(//*[text() = &amp;apos;Login&amp;apos;])][count(. | id(\&amp;quot;main-menu\&amp;quot;)/a[6]) = count(id(\&amp;quot;main-menu\&amp;quot;)/a[6])]&amp;apos; in &amp;apos;30&amp;apos; second(s)</message>
  <nestedLevel>1</nestedLevel>
</record>
<record>
  <date>2017-11-16T11:27:34</date>
  <millis>1510828054002</millis>
  <sequence>28</sequence>
  <level>INFO</level>
  <class>com.kms.katalon.core.logging.KeywordLogger</class>
  <method>logMessage</method>
  <thread>1</thread>
  <message>Found 1 web elements with id: &amp;apos;Object Repository/EditProfile/Page_ACME ECOMM  Home/a_Login&amp;apos; located by &amp;apos;By.xpath: //a[count(. | //*[@href = &amp;apos;index.php?page=login&amp;apos;]) = count(//*[@href = &amp;apos;index.php?page=login&amp;apos;])][count(. | //*[text() = &amp;apos;Login&amp;apos;]) = count(//*[text() = &amp;apos;Login&amp;apos;])][count(. | id(\&amp;quot;main-menu\&amp;quot;)/a[6]) = count(id(\&amp;quot;main-menu\&amp;quot;)/a[6])]&amp;apos; in &amp;apos;30&amp;apos; second(s)</message>
  <nestedLevel>1</nestedLevel>
</record>
<record>
  <date>2017-11-16T11:27:34</date>
  <millis>1510828054002</millis>
  <sequence>29</sequence>
  <level>INFO</level>
  <class>com.kms.katalon.core.logging.KeywordLogger</class>
  <method>logMessage</method>
  <thread>1</thread>
  <message>Clicking on object: &amp;apos;Object Repository/EditProfile/Page_ACME ECOMM  Home/a_Login&amp;apos;</message>
  <nestedLevel>1</nestedLevel>
</record>
<record>
  <date>2017-11-16T11:27:34</date>
  <millis>1510828054163</millis>
  <sequence>30</sequence>
  <level>PASSED</level>
  <class>com.kms.katalon.core.logging.KeywordLogger</class>
  <method>logMessage</method>
  <thread>1</thread>
  <message>Object: &amp;apos;Object Repository/EditProfile/Page_ACME ECOMM  Home/a_Login&amp;apos; is clicked on</message>
  <nestedLevel>1</nestedLevel>
</record>
<record>
  <date>2017-11-16T11:27:34</date>
  <millis>1510828054164</millis>
  <sequence>31</sequence>
  <level>END</level>
  <class>com.kms.katalon.core.logging.KeywordLogger</class>
  <method>endKeyword</method>
  <thread>1</thread>
  <message>End action : click</message>
  <nestedLevel>1</nestedLevel>
</record>
<record>
  <date>2017-11-16T11:27:34</date>
  <millis>1510828054165</millis>
  <sequence>32</sequence>
  <level>START</level>
  <class>com.kms.katalon.core.logging.KeywordLogger</class>
  <method>startKeyword</method>
  <thread>1</thread>
  <message>Start action : setText</message>
  <nestedLevel>1</nestedLevel>
  <property name="startLine">29</property>
  <property name="stepIndex">4</property>
</record>
<record>
  <date>2017-11-16T11:27:34</date>
  <millis>1510828054166</millis>
  <sequence>33</sequence>
  <level>INFO</level>
  <class>com.kms.katalon.core.logging.KeywordLogger</class>
  <method>logMessage</method>
  <thread>1</thread>
  <message>Finding Test Object with id &amp;apos;Object Repository/EditProfile/Page_ACME ECOMM  Login/input_username&amp;apos;</message>
  <nestedLevel>1</nestedLevel>
</record>
<record>
  <date>2017-11-16T11:27:34</date>
  <millis>1510828054193</millis>
  <sequence>34</sequence>
  <level>INFO</level>
  <class>com.kms.katalon.core.logging.KeywordLogger</class>
  <method>logMessage</method>
  <thread>1</thread>
  <message>Checking object</message>
  <nestedLevel>1</nestedLevel>
</record>
<record>
  <date>2017-11-16T11:27:34</date>
  <millis>1510828054193</millis>
  <sequence>35</sequence>
  <level>INFO</level>
  <class>com.kms.katalon.core.logging.KeywordLogger</class>
  <method>logMessage</method>
  <thread>1</thread>
  <message>Checking text</message>
  <nestedLevel>1</nestedLevel>
</record>
<record>
  <date>2017-11-16T11:27:34</date>
  <millis>1510828054194</millis>
  <sequence>36</sequence>
  <level>INFO</level>
  <class>com.kms.katalon.core.logging.KeywordLogger</class>
  <method>logMessage</method>
  <thread>1</thread>
  <message>Checking timeout</message>
  <nestedLevel>1</nestedLevel>
</record>
<record>
  <date>2017-11-16T11:27:34</date>
  <millis>1510828054196</millis>
  <sequence>37</sequence>
  <level>INFO</level>
  <class>com.kms.katalon.core.logging.KeywordLogger</class>
  <method>logMessage</method>
  <thread>1</thread>
  <message>Finding web element with id: &amp;apos;Object Repository/EditProfile/Page_ACME ECOMM  Login/input_username&amp;apos; located by &amp;apos;By.xpath: //input[count(. | //*[@class = &amp;apos;textbox&amp;apos;]) = count(//*[@class = &amp;apos;textbox&amp;apos;])][count(. | //*[@type = &amp;apos;text&amp;apos;]) = count(//*[@type = &amp;apos;text&amp;apos;])][count(. | //*[@name = &amp;apos;username&amp;apos;]) = count(//*[@name = &amp;apos;username&amp;apos;])][count(. | //*[@id = &amp;apos;username&amp;apos;]) = count(//*[@id = &amp;apos;username&amp;apos;])][count(. | //*[@maxlength = &amp;apos;50&amp;apos;]) = count(//*[@maxlength = &amp;apos;50&amp;apos;])][count(. | id(\&amp;quot;username\&amp;quot;)) = count(id(\&amp;quot;username\&amp;quot;))]&amp;apos; in &amp;apos;30&amp;apos; second(s)</message>
  <nestedLevel>1</nestedLevel>
</record>
<record>
  <date>2017-11-16T11:27:34</date>
  <millis>1510828054236</millis>
  <sequence>38</sequence>
  <level>INFO</level>
  <class>com.kms.katalon.core.logging.KeywordLogger</class>
  <method>logMessage</method>
  <thread>1</thread>
  <message>Found 1 web elements with id: &amp;apos;Object Repository/EditProfile/Page_ACME ECOMM  Login/input_username&amp;apos; located by &amp;apos;By.xpath: //input[count(. | //*[@class = &amp;apos;textbox&amp;apos;]) = count(//*[@class = &amp;apos;textbox&amp;apos;])][count(. | //*[@type = &amp;apos;text&amp;apos;]) = count(//*[@type = &amp;apos;text&amp;apos;])][count(. | //*[@name = &amp;apos;username&amp;apos;]) = count(//*[@name = &amp;apos;username&amp;apos;])][count(. | //*[@id = &amp;apos;username&amp;apos;]) = count(//*[@id = &amp;apos;username&amp;apos;])][count(. | //*[@maxlength = &amp;apos;50&amp;apos;]) = count(//*[@maxlength = &amp;apos;50&amp;apos;])][count(. | id(\&amp;quot;username\&amp;quot;)) = count(id(\&amp;quot;username\&amp;quot;))]&amp;apos; in &amp;apos;30&amp;apos; second(s)</message>
  <nestedLevel>1</nestedLevel>
</record>
<record>
  <date>2017-11-16T11:27:34</date>
  <millis>1510828054237</millis>
  <sequence>39</sequence>
  <level>INFO</level>
  <class>com.kms.katalon.core.logging.KeywordLogger</class>
  <method>logMessage</method>
  <thread>1</thread>
  <message>Clearing text of object &amp;apos;Object Repository/EditProfile/Page_ACME ECOMM  Login/input_username&amp;apos;</message>
  <nestedLevel>1</nestedLevel>
</record>
<record>
  <date>2017-11-16T11:27:34</date>
  <millis>1510828054265</millis>
  <sequence>40</sequence>
  <level>INFO</level>
  <class>com.kms.katalon.core.logging.KeywordLogger</class>
  <method>logMessage</method>
  <thread>1</thread>
  <message>Checking timeout</message>
  <nestedLevel>1</nestedLevel>
</record>
<record>
  <date>2017-11-16T11:27:34</date>
  <millis>1510828054266</millis>
  <sequence>41</sequence>
  <level>INFO</level>
  <class>com.kms.katalon.core.logging.KeywordLogger</class>
  <method>logMessage</method>
  <thread>1</thread>
  <message>Finding web element with id: &amp;apos;Object Repository/EditProfile/Page_ACME ECOMM  Login/input_username&amp;apos; located by &amp;apos;By.xpath: //input[count(. | //*[@class = &amp;apos;textbox&amp;apos;]) = count(//*[@class = &amp;apos;textbox&amp;apos;])][count(. | //*[@type = &amp;apos;text&amp;apos;]) = count(//*[@type = &amp;apos;text&amp;apos;])][count(. | //*[@name = &amp;apos;username&amp;apos;]) = count(//*[@name = &amp;apos;username&amp;apos;])][count(. | //*[@id = &amp;apos;username&amp;apos;]) = count(//*[@id = &amp;apos;username&amp;apos;])][count(. | //*[@maxlength = &amp;apos;50&amp;apos;]) = count(//*[@maxlength = &amp;apos;50&amp;apos;])][count(. | id(\&amp;quot;username\&amp;quot;)) = count(id(\&amp;quot;username\&amp;quot;))]&amp;apos; in &amp;apos;30&amp;apos; second(s)</message>
  <nestedLevel>1</nestedLevel>
</record>
<record>
  <date>2017-11-16T11:27:34</date>
  <millis>1510828054278</millis>
  <sequence>42</sequence>
  <level>INFO</level>
  <class>com.kms.katalon.core.logging.KeywordLogger</class>
  <method>logMessage</method>
  <thread>1</thread>
  <message>Found 1 web elements with id: &amp;apos;Object Repository/EditProfile/Page_ACME ECOMM  Login/input_username&amp;apos; located by &amp;apos;By.xpath: //input[count(. | //*[@class = &amp;apos;textbox&amp;apos;]) = count(//*[@class = &amp;apos;textbox&amp;apos;])][count(. | //*[@type = &amp;apos;text&amp;apos;]) = count(//*[@type = &amp;apos;text&amp;apos;])][count(. | //*[@name = &amp;apos;username&amp;apos;]) = count(//*[@name = &amp;apos;username&amp;apos;])][count(. | //*[@id = &amp;apos;username&amp;apos;]) = count(//*[@id = &amp;apos;username&amp;apos;])][count(. | //*[@maxlength = &amp;apos;50&amp;apos;]) = count(//*[@maxlength = &amp;apos;50&amp;apos;])][count(. | id(\&amp;quot;username\&amp;quot;)) = count(id(\&amp;quot;username\&amp;quot;))]&amp;apos; in &amp;apos;30&amp;apos; second(s)</message>
  <nestedLevel>1</nestedLevel>
</record>
<record>
  <date>2017-11-16T11:27:34</date>
  <millis>1510828054281</millis>
  <sequence>43</sequence>
  <level>INFO</level>
  <class>com.kms.katalon.core.logging.KeywordLogger</class>
  <method>logMessage</method>
  <thread>1</thread>
  <message>Setting text of object &amp;apos;Object Repository/EditProfile/Page_ACME ECOMM  Login/input_username&amp;apos; to value &amp;apos;student1&amp;apos;</message>
  <nestedLevel>1</nestedLevel>
</record>
<record>
  <date>2017-11-16T11:27:34</date>
  <millis>1510828054345</millis>
  <sequence>44</sequence>
  <level>PASSED</level>
  <class>com.kms.katalon.core.logging.KeywordLogger</class>
  <method>logMessage</method>
  <thread>1</thread>
  <message>Text &amp;apos;student1&amp;apos; is set on object &amp;apos;Object Repository/EditProfile/Page_ACME ECOMM  Login/input_username&amp;apos;</message>
  <nestedLevel>1</nestedLevel>
</record>
<record>
  <date>2017-11-16T11:27:34</date>
  <millis>1510828054346</millis>
  <sequence>45</sequence>
  <level>END</level>
  <class>com.kms.katalon.core.logging.KeywordLogger</class>
  <method>endKeyword</method>
  <thread>1</thread>
  <message>End action : setText</message>
  <nestedLevel>1</nestedLevel>
</record>
<record>
  <date>2017-11-16T11:27:34</date>
  <millis>1510828054347</millis>
  <sequence>46</sequence>
  <level>START</level>
  <class>com.kms.katalon.core.logging.KeywordLogger</class>
  <method>startKeyword</method>
  <thread>1</thread>
  <message>Start action : setText</message>
  <nestedLevel>1</nestedLevel>
  <property name="startLine">31</property>
  <property name="stepIndex">5</property>
</record>
<record>
  <date>2017-11-16T11:27:34</date>
  <millis>1510828054347</millis>
  <sequence>47</sequence>
  <level>INFO</level>
  <class>com.kms.katalon.core.logging.KeywordLogger</class>
  <method>logMessage</method>
  <thread>1</thread>
  <message>Finding Test Object with id &amp;apos;Object Repository/EditProfile/Page_ACME ECOMM  Login/input_userpass&amp;apos;</message>
  <nestedLevel>1</nestedLevel>
</record>
<record>
  <date>2017-11-16T11:27:34</date>
  <millis>1510828054352</millis>
  <sequence>48</sequence>
  <level>INFO</level>
  <class>com.kms.katalon.core.logging.KeywordLogger</class>
  <method>logMessage</method>
  <thread>1</thread>
  <message>Checking object</message>
  <nestedLevel>1</nestedLevel>
</record>
<record>
  <date>2017-11-16T11:27:34</date>
  <millis>1510828054353</millis>
  <sequence>49</sequence>
  <level>INFO</level>
  <class>com.kms.katalon.core.logging.KeywordLogger</class>
  <method>logMessage</method>
  <thread>1</thread>
  <message>Checking text</message>
  <nestedLevel>1</nestedLevel>
</record>
<record>
  <date>2017-11-16T11:27:34</date>
  <millis>1510828054354</millis>
  <sequence>50</sequence>
  <level>INFO</level>
  <class>com.kms.katalon.core.logging.KeywordLogger</class>
  <method>logMessage</method>
  <thread>1</thread>
  <message>Checking timeout</message>
  <nestedLevel>1</nestedLevel>
</record>
<record>
  <date>2017-11-16T11:27:34</date>
  <millis>1510828054355</millis>
  <sequence>51</sequence>
  <level>INFO</level>
  <class>com.kms.katalon.core.logging.KeywordLogger</class>
  <method>logMessage</method>
  <thread>1</thread>
  <message>Finding web element with id: &amp;apos;Object Repository/EditProfile/Page_ACME ECOMM  Login/input_userpass&amp;apos; located by &amp;apos;By.xpath: //input[count(. | //*[@class = &amp;apos;textbox&amp;apos;]) = count(//*[@class = &amp;apos;textbox&amp;apos;])][count(. | //*[@type = &amp;apos;password&amp;apos;]) = count(//*[@type = &amp;apos;password&amp;apos;])][count(. | //*[@name = &amp;apos;userpass&amp;apos;]) = count(//*[@name = &amp;apos;userpass&amp;apos;])][count(. | //*[@maxlength = &amp;apos;50&amp;apos;]) = count(//*[@maxlength = &amp;apos;50&amp;apos;])][count(. | id(\&amp;quot;main-big-col\&amp;quot;)/form[1]/input[@class=\&amp;quot;textbox\&amp;quot;]) = count(id(\&amp;quot;main-big-col\&amp;quot;)/form[1]/input[@class=\&amp;quot;textbox\&amp;quot;])]&amp;apos; in &amp;apos;30&amp;apos; second(s)</message>
  <nestedLevel>1</nestedLevel>
</record>
<record>
  <date>2017-11-16T11:27:34</date>
  <millis>1510828054372</millis>
  <sequence>52</sequence>
  <level>INFO</level>
  <class>com.kms.katalon.core.logging.KeywordLogger</class>
  <method>logMessage</method>
  <thread>1</thread>
  <message>Found 1 web elements with id: &amp;apos;Object Repository/EditProfile/Page_ACME ECOMM  Login/input_userpass&amp;apos; located by &amp;apos;By.xpath: //input[count(. | //*[@class = &amp;apos;textbox&amp;apos;]) = count(//*[@class = &amp;apos;textbox&amp;apos;])][count(. | //*[@type = &amp;apos;password&amp;apos;]) = count(//*[@type = &amp;apos;password&amp;apos;])][count(. | //*[@name = &amp;apos;userpass&amp;apos;]) = count(//*[@name = &amp;apos;userpass&amp;apos;])][count(. | //*[@maxlength = &amp;apos;50&amp;apos;]) = count(//*[@maxlength = &amp;apos;50&amp;apos;])][count(. | id(\&amp;quot;main-big-col\&amp;quot;)/form[1]/input[@class=\&amp;quot;textbox\&amp;quot;]) = count(id(\&amp;quot;main-big-col\&amp;quot;)/form[1]/input[@class=\&amp;quot;textbox\&amp;quot;])]&amp;apos; in &amp;apos;30&amp;apos; second(s)</message>
  <nestedLevel>1</nestedLevel>
</record>
<record>
  <date>2017-11-16T11:27:34</date>
  <millis>1510828054373</millis>
  <sequence>53</sequence>
  <level>INFO</level>
  <class>com.kms.katalon.core.logging.KeywordLogger</class>
  <method>logMessage</method>
  <thread>1</thread>
  <message>Clearing text of object &amp;apos;Object Repository/EditProfile/Page_ACME ECOMM  Login/input_userpass&amp;apos;</message>
  <nestedLevel>1</nestedLevel>
</record>
<record>
  <date>2017-11-16T11:27:34</date>
  <millis>1510828054396</millis>
  <sequence>54</sequence>
  <level>INFO</level>
  <class>com.kms.katalon.core.logging.KeywordLogger</class>
  <method>logMessage</method>
  <thread>1</thread>
  <message>Checking timeout</message>
  <nestedLevel>1</nestedLevel>
</record>
<record>
  <date>2017-11-16T11:27:34</date>
  <millis>1510828054397</millis>
  <sequence>55</sequence>
  <level>INFO</level>
  <class>com.kms.katalon.core.logging.KeywordLogger</class>
  <method>logMessage</method>
  <thread>1</thread>
  <message>Finding web element with id: &amp;apos;Object Repository/EditProfile/Page_ACME ECOMM  Login/input_userpass&amp;apos; located by &amp;apos;By.xpath: //input[count(. | //*[@class = &amp;apos;textbox&amp;apos;]) = count(//*[@class = &amp;apos;textbox&amp;apos;])][count(. | //*[@type = &amp;apos;password&amp;apos;]) = count(//*[@type = &amp;apos;password&amp;apos;])][count(. | //*[@name = &amp;apos;userpass&amp;apos;]) = count(//*[@name = &amp;apos;userpass&amp;apos;])][count(. | //*[@maxlength = &amp;apos;50&amp;apos;]) = count(//*[@maxlength = &amp;apos;50&amp;apos;])][count(. | id(\&amp;quot;main-big-col\&amp;quot;)/form[1]/input[@class=\&amp;quot;textbox\&amp;quot;]) = count(id(\&amp;quot;main-big-col\&amp;quot;)/form[1]/input[@class=\&amp;quot;textbox\&amp;quot;])]&amp;apos; in &amp;apos;30&amp;apos; second(s)</message>
  <nestedLevel>1</nestedLevel>
</record>
<record>
  <date>2017-11-16T11:27:34</date>
  <millis>1510828054408</millis>
  <sequence>56</sequence>
  <level>INFO</level>
  <class>com.kms.katalon.core.logging.KeywordLogger</class>
  <method>logMessage</method>
  <thread>1</thread>
  <message>Found 1 web elements with id: &amp;apos;Object Repository/EditProfile/Page_ACME ECOMM  Login/input_userpass&amp;apos; located by &amp;apos;By.xpath: //input[count(. | //*[@class = &amp;apos;textbox&amp;apos;]) = count(//*[@class = &amp;apos;textbox&amp;apos;])][count(. | //*[@type = &amp;apos;password&amp;apos;]) = count(//*[@type = &amp;apos;password&amp;apos;])][count(. | //*[@name = &amp;apos;userpass&amp;apos;]) = count(//*[@name = &amp;apos;userpass&amp;apos;])][count(. | //*[@maxlength = &amp;apos;50&amp;apos;]) = count(//*[@maxlength = &amp;apos;50&amp;apos;])][count(. | id(\&amp;quot;main-big-col\&amp;quot;)/form[1]/input[@class=\&amp;quot;textbox\&amp;quot;]) = count(id(\&amp;quot;main-big-col\&amp;quot;)/form[1]/input[@class=\&amp;quot;textbox\&amp;quot;])]&amp;apos; in &amp;apos;30&amp;apos; second(s)</message>
  <nestedLevel>1</nestedLevel>
</record>
<record>
  <date>2017-11-16T11:27:34</date>
  <millis>1510828054409</millis>
  <sequence>57</sequence>
  <level>INFO</level>
  <class>com.kms.katalon.core.logging.KeywordLogger</class>
  <method>logMessage</method>
  <thread>1</thread>
  <message>Setting text of object &amp;apos;Object Repository/EditProfile/Page_ACME ECOMM  Login/input_userpass&amp;apos; to value &amp;apos;stpass1&amp;apos;</message>
  <nestedLevel>1</nestedLevel>
</record>
<record>
  <date>2017-11-16T11:27:34</date>
  <millis>1510828054459</millis>
  <sequence>58</sequence>
  <level>PASSED</level>
  <class>com.kms.katalon.core.logging.KeywordLogger</class>
  <method>logMessage</method>
  <thread>1</thread>
  <message>Text &amp;apos;stpass1&amp;apos; is set on object &amp;apos;Object Repository/EditProfile/Page_ACME ECOMM  Login/input_userpass&amp;apos;</message>
  <nestedLevel>1</nestedLevel>
</record>
<record>
  <date>2017-11-16T11:27:34</date>
  <millis>1510828054459</millis>
  <sequence>59</sequence>
  <level>END</level>
  <class>com.kms.katalon.core.logging.KeywordLogger</class>
  <method>endKeyword</method>
  <thread>1</thread>
  <message>End action : setText</message>
  <nestedLevel>1</nestedLevel>
</record>
<record>
  <date>2017-11-16T11:27:34</date>
  <millis>1510828054460</millis>
  <sequence>60</sequence>
  <level>START</level>
  <class>com.kms.katalon.core.logging.KeywordLogger</class>
  <method>startKeyword</method>
  <thread>1</thread>
  <message>Start action : click</message>
  <nestedLevel>1</nestedLevel>
  <property name="startLine">33</property>
  <property name="stepIndex">6</property>
</record>
<record>
  <date>2017-11-16T11:27:34</date>
  <millis>1510828054460</millis>
  <sequence>61</sequence>
  <level>INFO</level>
  <class>com.kms.katalon.core.logging.KeywordLogger</class>
  <method>logMessage</method>
  <thread>1</thread>
  <message>Finding Test Object with id &amp;apos;Object Repository/EditProfile/Page_ACME ECOMM  Login/input_ses_login&amp;apos;</message>
  <nestedLevel>1</nestedLevel>
</record>
<record>
  <date>2017-11-16T11:27:34</date>
  <millis>1510828054464</millis>
  <sequence>62</sequence>
  <level>INFO</level>
  <class>com.kms.katalon.core.logging.KeywordLogger</class>
  <method>logMessage</method>
  <thread>1</thread>
  <message>Checking object</message>
  <nestedLevel>1</nestedLevel>
</record>
<record>
  <date>2017-11-16T11:27:34</date>
  <millis>1510828054465</millis>
  <sequence>63</sequence>
  <level>INFO</level>
  <class>com.kms.katalon.core.logging.KeywordLogger</class>
  <method>logMessage</method>
  <thread>1</thread>
  <message>Checking timeout</message>
  <nestedLevel>1</nestedLevel>
</record>
<record>
  <date>2017-11-16T11:27:34</date>
  <millis>1510828054465</millis>
  <sequence>64</sequence>
  <level>INFO</level>
  <class>com.kms.katalon.core.logging.KeywordLogger</class>
  <method>logMessage</method>
  <thread>1</thread>
  <message>Finding web element with id: &amp;apos;Object Repository/EditProfile/Page_ACME ECOMM  Login/input_ses_login&amp;apos; located by &amp;apos;By.xpath: //input[count(. | //*[@class = &amp;apos;formbtn&amp;apos;]) = count(//*[@class = &amp;apos;formbtn&amp;apos;])][count(. | //*[@type = &amp;apos;submit&amp;apos;]) = count(//*[@type = &amp;apos;submit&amp;apos;])][count(. | //*[@name = &amp;apos;ses_login&amp;apos;]) = count(//*[@name = &amp;apos;ses_login&amp;apos;])][count(. | //*[@value = &amp;apos;Login&amp;apos;]) = count(//*[@value = &amp;apos;Login&amp;apos;])][count(. | id(\&amp;quot;main-big-col\&amp;quot;)/form[1]/input[@class=\&amp;quot;formbtn\&amp;quot;]) = count(id(\&amp;quot;main-big-col\&amp;quot;)/form[1]/input[@class=\&amp;quot;formbtn\&amp;quot;])]&amp;apos; in &amp;apos;30&amp;apos; second(s)</message>
  <nestedLevel>1</nestedLevel>
</record>
<record>
  <date>2017-11-16T11:27:34</date>
  <millis>1510828054485</millis>
  <sequence>65</sequence>
  <level>INFO</level>
  <class>com.kms.katalon.core.logging.KeywordLogger</class>
  <method>logMessage</method>
  <thread>1</thread>
  <message>Found 1 web elements with id: &amp;apos;Object Repository/EditProfile/Page_ACME ECOMM  Login/input_ses_login&amp;apos; located by &amp;apos;By.xpath: //input[count(. | //*[@class = &amp;apos;formbtn&amp;apos;]) = count(//*[@class = &amp;apos;formbtn&amp;apos;])][count(. | //*[@type = &amp;apos;submit&amp;apos;]) = count(//*[@type = &amp;apos;submit&amp;apos;])][count(. | //*[@name = &amp;apos;ses_login&amp;apos;]) = count(//*[@name = &amp;apos;ses_login&amp;apos;])][count(. | //*[@value = &amp;apos;Login&amp;apos;]) = count(//*[@value = &amp;apos;Login&amp;apos;])][count(. | id(\&amp;quot;main-big-col\&amp;quot;)/form[1]/input[@class=\&amp;quot;formbtn\&amp;quot;]) = count(id(\&amp;quot;main-big-col\&amp;quot;)/form[1]/input[@class=\&amp;quot;formbtn\&amp;quot;])]&amp;apos; in &amp;apos;30&amp;apos; second(s)</message>
  <nestedLevel>1</nestedLevel>
</record>
<record>
  <date>2017-11-16T11:27:34</date>
  <millis>1510828054486</millis>
  <sequence>66</sequence>
  <level>INFO</level>
  <class>com.kms.katalon.core.logging.KeywordLogger</class>
  <method>logMessage</method>
  <thread>1</thread>
  <message>Clicking on object: &amp;apos;Object Repository/EditProfile/Page_ACME ECOMM  Login/input_ses_login&amp;apos;</message>
  <nestedLevel>1</nestedLevel>
</record>
<record>
  <date>2017-11-16T11:27:34</date>
  <millis>1510828054643</millis>
  <sequence>67</sequence>
  <level>PASSED</level>
  <class>com.kms.katalon.core.logging.KeywordLogger</class>
  <method>logMessage</method>
  <thread>1</thread>
  <message>Object: &amp;apos;Object Repository/EditProfile/Page_ACME ECOMM  Login/input_ses_login&amp;apos; is clicked on</message>
  <nestedLevel>1</nestedLevel>
</record>
<record>
  <date>2017-11-16T11:27:34</date>
  <millis>1510828054643</millis>
  <sequence>68</sequence>
  <level>END</level>
  <class>com.kms.katalon.core.logging.KeywordLogger</class>
  <method>endKeyword</method>
  <thread>1</thread>
  <message>End action : click</message>
  <nestedLevel>1</nestedLevel>
</record>
<record>
  <date>2017-11-16T11:27:34</date>
  <millis>1510828054644</millis>
  <sequence>69</sequence>
  <level>START</level>
  <class>com.kms.katalon.core.logging.KeywordLogger</class>
  <method>startKeyword</method>
  <thread>1</thread>
  <message>Start action : click</message>
  <nestedLevel>1</nestedLevel>
  <property name="startLine">35</property>
  <property name="stepIndex">7</property>
</record>
<record>
  <date>2017-11-16T11:27:34</date>
  <millis>1510828054644</millis>
  <sequence>70</sequence>
  <level>INFO</level>
  <class>com.kms.katalon.core.logging.KeywordLogger</class>
  <method>logMessage</method>
  <thread>1</thread>
  <message>Finding Test Object with id &amp;apos;Object Repository/EditProfile/Page_ACME ECOMM  Home/a_Edit Profile&amp;apos;</message>
  <nestedLevel>1</nestedLevel>
</record>
<record>
  <date>2017-11-16T11:27:34</date>
  <millis>1510828054649</millis>
  <sequence>71</sequence>
  <level>INFO</level>
  <class>com.kms.katalon.core.logging.KeywordLogger</class>
  <method>logMessage</method>
  <thread>1</thread>
  <message>Checking object</message>
  <nestedLevel>1</nestedLevel>
</record>
<record>
  <date>2017-11-16T11:27:34</date>
  <millis>1510828054649</millis>
  <sequence>72</sequence>
  <level>INFO</level>
  <class>com.kms.katalon.core.logging.KeywordLogger</class>
  <method>logMessage</method>
  <thread>1</thread>
  <message>Checking timeout</message>
  <nestedLevel>1</nestedLevel>
</record>
<record>
  <date>2017-11-16T11:27:34</date>
  <millis>1510828054650</millis>
  <sequence>73</sequence>
  <level>INFO</level>
  <class>com.kms.katalon.core.logging.KeywordLogger</class>
  <method>logMessage</method>
  <thread>1</thread>
  <message>Finding web element with id: &amp;apos;Object Repository/EditProfile/Page_ACME ECOMM  Home/a_Edit Profile&amp;apos; located by &amp;apos;By.xpath: //a[count(. | //*[@href = &amp;apos;index.php?page=edit-profile&amp;apos;]) = count(//*[@href = &amp;apos;index.php?page=edit-profile&amp;apos;])][count(. | //*[text() = &amp;apos;Edit Profile&amp;apos;]) = count(//*[text() = &amp;apos;Edit Profile&amp;apos;])][count(. | id(\&amp;quot;main-menu\&amp;quot;)/a[5]) = count(id(\&amp;quot;main-menu\&amp;quot;)/a[5])]&amp;apos; in &amp;apos;30&amp;apos; second(s)</message>
  <nestedLevel>1</nestedLevel>
</record>
<record>
  <date>2017-11-16T11:27:34</date>
  <millis>1510828054678</millis>
  <sequence>74</sequence>
  <level>INFO</level>
  <class>com.kms.katalon.core.logging.KeywordLogger</class>
  <method>logMessage</method>
  <thread>1</thread>
  <message>Found 1 web elements with id: &amp;apos;Object Repository/EditProfile/Page_ACME ECOMM  Home/a_Edit Profile&amp;apos; located by &amp;apos;By.xpath: //a[count(. | //*[@href = &amp;apos;index.php?page=edit-profile&amp;apos;]) = count(//*[@href = &amp;apos;index.php?page=edit-profile&amp;apos;])][count(. | //*[text() = &amp;apos;Edit Profile&amp;apos;]) = count(//*[text() = &amp;apos;Edit Profile&amp;apos;])][count(. | id(\&amp;quot;main-menu\&amp;quot;)/a[5]) = count(id(\&amp;quot;main-menu\&amp;quot;)/a[5])]&amp;apos; in &amp;apos;30&amp;apos; second(s)</message>
  <nestedLevel>1</nestedLevel>
</record>
<record>
  <date>2017-11-16T11:27:34</date>
  <millis>1510828054678</millis>
  <sequence>75</sequence>
  <level>INFO</level>
  <class>com.kms.katalon.core.logging.KeywordLogger</class>
  <method>logMessage</method>
  <thread>1</thread>
  <message>Clicking on object: &amp;apos;Object Repository/EditProfile/Page_ACME ECOMM  Home/a_Edit Profile&amp;apos;</message>
  <nestedLevel>1</nestedLevel>
</record>
<record>
  <date>2017-11-16T11:27:34</date>
  <millis>1510828054828</millis>
  <sequence>76</sequence>
  <level>PASSED</level>
  <class>com.kms.katalon.core.logging.KeywordLogger</class>
  <method>logMessage</method>
  <thread>1</thread>
  <message>Object: &amp;apos;Object Repository/EditProfile/Page_ACME ECOMM  Home/a_Edit Profile&amp;apos; is clicked on</message>
  <nestedLevel>1</nestedLevel>
</record>
<record>
  <date>2017-11-16T11:27:34</date>
  <millis>1510828054829</millis>
  <sequence>77</sequence>
  <level>END</level>
  <class>com.kms.katalon.core.logging.KeywordLogger</class>
  <method>endKeyword</method>
  <thread>1</thread>
  <message>End action : click</message>
  <nestedLevel>1</nestedLevel>
</record>
<record>
  <date>2017-11-16T11:27:34</date>
  <millis>1510828054829</millis>
  <sequence>78</sequence>
  <level>START</level>
  <class>com.kms.katalon.core.logging.KeywordLogger</class>
  <method>startKeyword</method>
  <thread>1</thread>
  <message>Start action : click</message>
  <nestedLevel>1</nestedLevel>
  <property name="startLine">37</property>
  <property name="stepIndex">8</property>
</record>
<record>
  <date>2017-11-16T11:27:34</date>
  <millis>1510828054830</millis>
  <sequence>79</sequence>
  <level>INFO</level>
  <class>com.kms.katalon.core.logging.KeywordLogger</class>
  <method>logMessage</method>
  <thread>1</thread>
  <message>Finding Test Object with id &amp;apos;Object Repository/EditProfile/Page_ACME ECOMM  Edit Profile/div_out-wrapper&amp;apos;</message>
  <nestedLevel>1</nestedLevel>
</record>
<record>
  <date>2017-11-16T11:27:34</date>
  <millis>1510828054834</millis>
  <sequence>80</sequence>
  <level>INFO</level>
  <class>com.kms.katalon.core.logging.KeywordLogger</class>
  <method>logMessage</method>
  <thread>1</thread>
  <message>Checking object</message>
  <nestedLevel>1</nestedLevel>
</record>
<record>
  <date>2017-11-16T11:27:34</date>
  <millis>1510828054835</millis>
  <sequence>81</sequence>
  <level>INFO</level>
  <class>com.kms.katalon.core.logging.KeywordLogger</class>
  <method>logMessage</method>
  <thread>1</thread>
  <message>Checking timeout</message>
  <nestedLevel>1</nestedLevel>
</record>
<record>
  <date>2017-11-16T11:27:34</date>
  <millis>1510828054837</millis>
  <sequence>82</sequence>
  <level>INFO</level>
  <class>com.kms.katalon.core.logging.KeywordLogger</class>
  <method>logMessage</method>
  <thread>1</thread>
  <message>Finding web element with id: &amp;apos;Object Repository/EditProfile/Page_ACME ECOMM  Edit Profile/div_out-wrapper&amp;apos; located by &amp;apos;By.xpath: //div[count(. | //*[@id = &amp;apos;out-wrapper&amp;apos;]) = count(//*[@id = &amp;apos;out-wrapper&amp;apos;])][count(. | id(\&amp;quot;out-wrapper\&amp;quot;)) = count(id(\&amp;quot;out-wrapper\&amp;quot;))]&amp;apos; in &amp;apos;30&amp;apos; second(s)</message>
  <nestedLevel>1</nestedLevel>
</record>
<record>
  <date>2017-11-16T11:27:34</date>
  <millis>1510828054865</millis>
  <sequence>83</sequence>
  <level>INFO</level>
  <class>com.kms.katalon.core.logging.KeywordLogger</class>
  <method>logMessage</method>
  <thread>1</thread>
  <message>Found 1 web elements with id: &amp;apos;Object Repository/EditProfile/Page_ACME ECOMM  Edit Profile/div_out-wrapper&amp;apos; located by &amp;apos;By.xpath: //div[count(. | //*[@id = &amp;apos;out-wrapper&amp;apos;]) = count(//*[@id = &amp;apos;out-wrapper&amp;apos;])][count(. | id(\&amp;quot;out-wrapper\&amp;quot;)) = count(id(\&amp;quot;out-wrapper\&amp;quot;))]&amp;apos; in &amp;apos;30&amp;apos; second(s)</message>
  <nestedLevel>1</nestedLevel>
</record>
<record>
  <date>2017-11-16T11:27:34</date>
  <millis>1510828054866</millis>
  <sequence>84</sequence>
  <level>INFO</level>
  <class>com.kms.katalon.core.logging.KeywordLogger</class>
  <method>logMessage</method>
  <thread>1</thread>
  <message>Clicking on object: &amp;apos;Object Repository/EditProfile/Page_ACME ECOMM  Edit Profile/div_out-wrapper&amp;apos;</message>
  <nestedLevel>1</nestedLevel>
</record>
<record>
  <date>2017-11-16T11:27:34</date>
  <millis>1510828054921</millis>
  <sequence>85</sequence>
  <level>PASSED</level>
  <class>com.kms.katalon.core.logging.KeywordLogger</class>
  <method>logMessage</method>
  <thread>1</thread>
  <message>Object: &amp;apos;Object Repository/EditProfile/Page_ACME ECOMM  Edit Profile/div_out-wrapper&amp;apos; is clicked on</message>
  <nestedLevel>1</nestedLevel>
</record>
<record>
  <date>2017-11-16T11:27:34</date>
  <millis>1510828054922</millis>
  <sequence>86</sequence>
  <level>END</level>
  <class>com.kms.katalon.core.logging.KeywordLogger</class>
  <method>endKeyword</method>
  <thread>1</thread>
  <message>End action : click</message>
  <nestedLevel>1</nestedLevel>
</record>
<record>
  <date>2017-11-16T11:27:34</date>
  <millis>1510828054922</millis>
  <sequence>87</sequence>
  <level>START</level>
  <class>com.kms.katalon.core.logging.KeywordLogger</class>
  <method>startKeyword</method>
  <thread>1</thread>
  <message>Start action : setText</message>
  <nestedLevel>1</nestedLevel>
  <property name="startLine">39</property>
  <property name="stepIndex">9</property>
</record>
<record>
  <date>2017-11-16T11:27:34</date>
  <millis>1510828054923</millis>
  <sequence>88</sequence>
  <level>INFO</level>
  <class>com.kms.katalon.core.logging.KeywordLogger</class>
  <method>logMessage</method>
  <thread>1</thread>
  <message>Finding Test Object with id &amp;apos;Object Repository/EditProfile/Page_ACME ECOMM  Edit Profile/input_cEmail&amp;apos;</message>
  <nestedLevel>1</nestedLevel>
</record>
<record>
  <date>2017-11-16T11:27:34</date>
  <millis>1510828054928</millis>
  <sequence>89</sequence>
  <level>INFO</level>
  <class>com.kms.katalon.core.logging.KeywordLogger</class>
  <method>logMessage</method>
  <thread>1</thread>
  <message>Checking object</message>
  <nestedLevel>1</nestedLevel>
</record>
<record>
  <date>2017-11-16T11:27:34</date>
  <millis>1510828054929</millis>
  <sequence>90</sequence>
  <level>INFO</level>
  <class>com.kms.katalon.core.logging.KeywordLogger</class>
  <method>logMessage</method>
  <thread>1</thread>
  <message>Checking text</message>
  <nestedLevel>1</nestedLevel>
</record>
<record>
  <date>2017-11-16T11:27:34</date>
  <millis>1510828054929</millis>
  <sequence>91</sequence>
  <level>INFO</level>
  <class>com.kms.katalon.core.logging.KeywordLogger</class>
  <method>logMessage</method>
  <thread>1</thread>
  <message>Checking timeout</message>
  <nestedLevel>1</nestedLevel>
</record>
<record>
  <date>2017-11-16T11:27:34</date>
  <millis>1510828054930</millis>
  <sequence>92</sequence>
  <level>INFO</level>
  <class>com.kms.katalon.core.logging.KeywordLogger</class>
  <method>logMessage</method>
  <thread>1</thread>
  <message>Finding web element with id: &amp;apos;Object Repository/EditProfile/Page_ACME ECOMM  Edit Profile/input_cEmail&amp;apos; located by &amp;apos;By.cssSelector: #main-big-col &amp;gt; form &amp;gt; input:nth-child(5)&amp;apos; in &amp;apos;30&amp;apos; second(s)</message>
  <nestedLevel>1</nestedLevel>
</record>
<record>
  <date>2017-11-16T11:27:34</date>
  <millis>1510828054948</millis>
  <sequence>93</sequence>
  <level>INFO</level>
  <class>com.kms.katalon.core.logging.KeywordLogger</class>
  <method>logMessage</method>
  <thread>1</thread>
  <message>Found 1 web elements with id: &amp;apos;Object Repository/EditProfile/Page_ACME ECOMM  Edit Profile/input_cEmail&amp;apos; located by &amp;apos;By.cssSelector: #main-big-col &amp;gt; form &amp;gt; input:nth-child(5)&amp;apos; in &amp;apos;30&amp;apos; second(s)</message>
  <nestedLevel>1</nestedLevel>
</record>
<record>
  <date>2017-11-16T11:27:34</date>
  <millis>1510828054949</millis>
  <sequence>94</sequence>
  <level>INFO</level>
  <class>com.kms.katalon.core.logging.KeywordLogger</class>
  <method>logMessage</method>
  <thread>1</thread>
  <message>Clearing text of object &amp;apos;Object Repository/EditProfile/Page_ACME ECOMM  Edit Profile/input_cEmail&amp;apos;</message>
  <nestedLevel>1</nestedLevel>
</record>
<record>
  <date>2017-11-16T11:27:34</date>
  <millis>1510828054979</millis>
  <sequence>95</sequence>
  <level>INFO</level>
  <class>com.kms.katalon.core.logging.KeywordLogger</class>
  <method>logMessage</method>
  <thread>1</thread>
  <message>Checking timeout</message>
  <nestedLevel>1</nestedLevel>
</record>
<record>
  <date>2017-11-16T11:27:34</date>
  <millis>1510828054980</millis>
  <sequence>96</sequence>
  <level>INFO</level>
  <class>com.kms.katalon.core.logging.KeywordLogger</class>
  <method>logMessage</method>
  <thread>1</thread>
  <message>Finding web element with id: &amp;apos;Object Repository/EditProfile/Page_ACME ECOMM  Edit Profile/input_cEmail&amp;apos; located by &amp;apos;By.cssSelector: #main-big-col &amp;gt; form &amp;gt; input:nth-child(5)&amp;apos; in &amp;apos;30&amp;apos; second(s)</message>
  <nestedLevel>1</nestedLevel>
</record>
<record>
  <date>2017-11-16T11:27:34</date>
  <millis>1510828054989</millis>
  <sequence>97</sequence>
  <level>INFO</level>
  <class>com.kms.katalon.core.logging.KeywordLogger</class>
  <method>logMessage</method>
  <thread>1</thread>
  <message>Found 1 web elements with id: &amp;apos;Object Repository/EditProfile/Page_ACME ECOMM  Edit Profile/input_cEmail&amp;apos; located by &amp;apos;By.cssSelector: #main-big-col &amp;gt; form &amp;gt; input:nth-child(5)&amp;apos; in &amp;apos;30&amp;apos; second(s)</message>
  <nestedLevel>1</nestedLevel>
</record>
<record>
  <date>2017-11-16T11:27:34</date>
  <millis>1510828054989</millis>
  <sequence>98</sequence>
  <level>INFO</level>
  <class>com.kms.katalon.core.logging.KeywordLogger</class>
  <method>logMessage</method>
  <thread>1</thread>
  <message>Setting text of object &amp;apos;Object Repository/EditProfile/Page_ACME ECOMM  Edit Profile/input_cEmail&amp;apos; to value &amp;apos;nem11@gmail.com&amp;apos;</message>
  <nestedLevel>1</nestedLevel>
</record>
<record>
  <date>2017-11-16T11:27:35</date>
  <millis>1510828055082</millis>
  <sequence>99</sequence>
  <level>PASSED</level>
  <class>com.kms.katalon.core.logging.KeywordLogger</class>
  <method>logMessage</method>
  <thread>1</thread>
  <message>Text &amp;apos;nem11@gmail.com&amp;apos; is set on object &amp;apos;Object Repository/EditProfile/Page_ACME ECOMM  Edit Profile/input_cEmail&amp;apos;</message>
  <nestedLevel>1</nestedLevel>
</record>
<record>
  <date>2017-11-16T11:27:35</date>
  <millis>1510828055083</millis>
  <sequence>100</sequence>
  <level>END</level>
  <class>com.kms.katalon.core.logging.KeywordLogger</class>
  <method>endKeyword</method>
  <thread>1</thread>
  <message>End action : setText</message>
  <nestedLevel>1</nestedLevel>
</record>
<record>
  <date>2017-11-16T11:27:35</date>
  <millis>1510828055083</millis>
  <sequence>101</sequence>
  <level>START</level>
  <class>com.kms.katalon.core.logging.KeywordLogger</class>
  <method>startKeyword</method>
  <thread>1</thread>
  <message>Start action : setText</message>
  <nestedLevel>1</nestedLevel>
  <property name="startLine">41</property>
  <property name="stepIndex">10</property>
</record>
<record>
  <date>2017-11-16T11:27:35</date>
  <millis>1510828055084</millis>
  <sequence>102</sequence>
  <level>INFO</level>
  <class>com.kms.katalon.core.logging.KeywordLogger</class>
  <method>logMessage</method>
  <thread>1</thread>
  <message>Finding Test Object with id &amp;apos;Object Repository/EditProfile/Page_ACME ECOMM  Edit Profile/Page_ACME ECOMM  Edit Profile/input_cName&amp;apos;</message>
  <nestedLevel>1</nestedLevel>
</record>
<record>
  <date>2017-11-16T11:27:35</date>
  <millis>1510828055090</millis>
  <sequence>103</sequence>
  <level>INFO</level>
  <class>com.kms.katalon.core.logging.KeywordLogger</class>
  <method>logMessage</method>
  <thread>1</thread>
  <message>Checking object</message>
  <nestedLevel>1</nestedLevel>
</record>
<record>
  <date>2017-11-16T11:27:35</date>
  <millis>1510828055090</millis>
  <sequence>104</sequence>
  <level>INFO</level>
  <class>com.kms.katalon.core.logging.KeywordLogger</class>
  <method>logMessage</method>
  <thread>1</thread>
  <message>Checking text</message>
  <nestedLevel>1</nestedLevel>
</record>
<record>
  <date>2017-11-16T11:27:35</date>
  <millis>1510828055090</millis>
  <sequence>105</sequence>
  <level>INFO</level>
  <class>com.kms.katalon.core.logging.KeywordLogger</class>
  <method>logMessage</method>
  <thread>1</thread>
  <message>Checking timeout</message>
  <nestedLevel>1</nestedLevel>
</record>
<record>
  <date>2017-11-16T11:27:35</date>
  <millis>1510828055091</millis>
  <sequence>106</sequence>
  <level>INFO</level>
  <class>com.kms.katalon.core.logging.KeywordLogger</class>
  <method>logMessage</method>
  <thread>1</thread>
  <message>Finding web element with id: &amp;apos;Object Repository/EditProfile/Page_ACME ECOMM  Edit Profile/Page_ACME ECOMM  Edit Profile/input_cName&amp;apos; located by &amp;apos;By.xpath: //input[count(. | //*[@class = &amp;apos;nor&amp;apos;]) = count(//*[@class = &amp;apos;nor&amp;apos;])][count(. | //*[@type = &amp;apos;text&amp;apos;]) = count(//*[@type = &amp;apos;text&amp;apos;])][count(. | //*[@name = &amp;apos;cName&amp;apos;]) = count(//*[@name = &amp;apos;cName&amp;apos;])][count(. | //*[@value = &amp;apos;Ivan&amp;apos;]) = count(//*[@value = &amp;apos;Ivan&amp;apos;])][count(. | //*[@size = &amp;apos;40&amp;apos;]) = count(//*[@size = &amp;apos;40&amp;apos;])][count(. | //*[@maxlength = &amp;apos;255&amp;apos;]) = count(//*[@maxlength = &amp;apos;255&amp;apos;])][count(. | id(\&amp;quot;main-big-col\&amp;quot;)/form[1]/input[@class=\&amp;quot;nor\&amp;quot;]) = count(id(\&amp;quot;main-big-col\&amp;quot;)/form[1]/input[@class=\&amp;quot;nor\&amp;quot;])]&amp;apos; in &amp;apos;30&amp;apos; second(s)</message>
  <nestedLevel>1</nestedLevel>
</record>
<record>
  <date>2017-11-16T11:28:05</date>
  <millis>1510828085953</millis>
  <sequence>107</sequence>
  <level>FAILED</level>
  <class>com.kms.katalon.core.logging.KeywordLogger</class>
  <method>logMessage</method>
  <thread>1</thread>
  <message>Unable to set text &amp;apos;Ivan&amp;apos; of object &amp;apos;Object Repository/EditProfile/Page_ACME ECOMM  Edit Profile/Page_ACME ECOMM  Edit Profile/input_cName&amp;apos; (Root cause: com.kms.katalon.core.webui.exception.WebElementNotFoundException: Web element with id: &amp;apos;Object Repository/EditProfile/Page_ACME ECOMM  Edit Profile/Page_ACME ECOMM  Edit Profile/input_cName&amp;apos; located by &amp;apos;By.xpath: //input[count(. | //*[@class = &amp;apos;nor&amp;apos;]) = count(//*[@class = &amp;apos;nor&amp;apos;])][count(. | //*[@type = &amp;apos;text&amp;apos;]) = count(//*[@type = &amp;apos;text&amp;apos;])][count(. | //*[@name = &amp;apos;cName&amp;apos;]) = count(//*[@name = &amp;apos;cName&amp;apos;])][count(. | //*[@value = &amp;apos;Ivan&amp;apos;]) = count(//*[@value = &amp;apos;Ivan&amp;apos;])][count(. | //*[@size = &amp;apos;40&amp;apos;]) = count(//*[@size = &amp;apos;40&amp;apos;])][count(. | //*[@maxlength = &amp;apos;255&amp;apos;]) = count(//*[@maxlength = &amp;apos;255&amp;apos;])][count(. | id(\&amp;quot;main-big-col\&amp;quot;)/form[1]/input[@class=\&amp;quot;nor\&amp;quot;]) = count(id(\&amp;quot;main-big-col\&amp;quot;)/form[1]/input[@class=\&amp;quot;nor\&amp;quot;])]&amp;apos; not found)</message>
  <nestedLevel>1</nestedLevel>
  <property name="attachment">1510828085623.png</property>
</record>
<record>
  <date>2017-11-16T11:28:05</date>
  <millis>1510828085954</millis>
  <sequence>108</sequence>
  <level>END</level>
  <class>com.kms.katalon.core.logging.KeywordLogger</class>
  <method>endKeyword</method>
  <thread>1</thread>
  <message>End action : setText</message>
  <nestedLevel>1</nestedLevel>
</record>
<record>
  <date>2017-11-16T11:28:05</date>
  <millis>1510828085955</millis>
  <sequence>109</sequence>
  <logger>com.kms.katalon.core.logging.KeywordLogger</logger>
  <level>FAILED</level>
  <class>com.kms.katalon.core.logging.KeywordLogger</class>
  <method>logMessage</method>
  <thread>1</thread>
  <message>Test Cases/LoginEditLogout/EditProfile FAILED because (of) Unable to set text &amp;apos;Ivan&amp;apos; of object &amp;apos;Object Repository/EditProfile/Page_ACME ECOMM  Edit Profile/Page_ACME ECOMM  Edit Profile/input_cName&amp;apos; (Root cause: com.kms.katalon.core.webui.exception.WebElementNotFoundException: Web element with id: &amp;apos;Object Repository/EditProfile/Page_ACME ECOMM  Edit Profile/Page_ACME ECOMM  Edit Profile/input_cName&amp;apos; located by &amp;apos;By.xpath: //input[count(. | //*[@class = &amp;apos;nor&amp;apos;]) = count(//*[@class = &amp;apos;nor&amp;apos;])][count(. | //*[@type = &amp;apos;text&amp;apos;]) = count(//*[@type = &amp;apos;text&amp;apos;])][count(. | //*[@name = &amp;apos;cName&amp;apos;]) = count(//*[@name = &amp;apos;cName&amp;apos;])][count(. | //*[@value = &amp;apos;Ivan&amp;apos;]) = count(//*[@value = &amp;apos;Ivan&amp;apos;])][count(. | //*[@size = &amp;apos;40&amp;apos;]) = count(//*[@size = &amp;apos;40&amp;apos;])][count(. | //*[@maxlength = &amp;apos;255&amp;apos;]) = count(//*[@maxlength = &amp;apos;255&amp;apos;])][count(. | id(\&amp;quot;main-big-col\&amp;quot;)/form[1]/input[@class=\&amp;quot;nor\&amp;quot;]) = count(id(\&amp;quot;main-big-col\&amp;quot;)/form[1]/input[@class=\&amp;quot;nor\&amp;quot;])]&amp;apos; not found)</message>
  <exception>
    <message>com.kms.katalon.core.exception.StepFailedException: Unable to set text 'Ivan' of object 'Object Repository/EditProfile/Page_ACME ECOMM  Edit Profile/Page_ACME ECOMM  Edit Profile/input_cName' (Root cause: com.kms.katalon.core.webui.exception.WebElementNotFoundException: Web element with id: 'Object Repository/EditProfile/Page_ACME ECOMM  Edit Profile/Page_ACME ECOMM  Edit Profile/input_cName' located by 'By.xpath: //input[count(. | //*[@class = 'nor']) = count(//*[@class = 'nor'])][count(. | //*[@type = 'text']) = count(//*[@type = 'text'])][count(. | //*[@name = 'cName']) = count(//*[@name = 'cName'])][count(. | //*[@value = 'Ivan']) = count(//*[@value = 'Ivan'])][count(. | //*[@size = '40']) = count(//*[@size = '40'])][count(. | //*[@maxlength = '255']) = count(//*[@maxlength = '255'])][count(. | id("main-big-col")/form[1]/input[@class="nor"]) = count(id("main-big-col")/form[1]/input[@class="nor"])]' not found)</message>
    <frame>
      <class>com.kms.katalon.core.keyword.internal.KeywordMain</class>
      <method>stepFailed</method>
      <line>36</line>
    </frame>
    <frame>
      <class>com.kms.katalon.core.webui.keyword.internal.WebUIKeywordMain</class>
      <method>stepFailed</method>
      <line>49</line>
    </frame>
    <frame>
      <class>com.kms.katalon.core.webui.keyword.internal.WebUIKeywordMain</class>
      <method>runKeyword</method>
      <line>27</line>
    </frame>
    <frame>
      <class>com.kms.katalon.core.webui.keyword.builtin.SetTextKeyword</class>
      <method>setText</method>
      <line>65</line>
    </frame>
    <frame>
      <class>com.kms.katalon.core.webui.keyword.builtin.SetTextKeyword</class>
      <method>execute</method>
      <line>37</line>
    </frame>
    <frame>
      <class>com.kms.katalon.core.keyword.internal.KeywordExecutor</class>
      <method>executeKeywordForPlatform</method>
      <line>53</line>
    </frame>
    <frame>
      <class>com.kms.katalon.core.webui.keyword.WebUiBuiltInKeywords</class>
      <method>setText</method>
      <line>950</line>
    </frame>
    <frame>
      <class>com.kms.katalon.core.webui.keyword.WebUiBuiltInKeywords$setText$2</class>
      <method>call</method>
    </frame>
    <frame>
      <class>org.codehaus.groovy.runtime.callsite.CallSiteArray</class>
      <method>defaultCall</method>
      <line>48</line>
    </frame>
    <frame>
      <class>org.codehaus.groovy.runtime.callsite.AbstractCallSite</class>
      <method>call</method>
      <line>113</line>
    </frame>
    <frame>
      <class>org.codehaus.groovy.runtime.callsite.AbstractCallSite</class>
      <method>call</method>
      <line>133</line>
    </frame>
    <frame>
      <class>Script1510309355557</class>
      <method>run</method>
      <line>41</line>
    </frame>
    <frame>
      <class>com.kms.katalon.core.main.ScriptEngine</class>
      <method>run</method>
      <line>183</line>
    </frame>
    <frame>
      <class>com.kms.katalon.core.main.ScriptEngine</class>
      <method>runScriptAsRawText</method>
      <line>108</line>
    </frame>
    <frame>
      <class>com.kms.katalon.core.main.TestCaseExecutor</class>
      <method>runScript</method>
      <line>215</line>
    </frame>
    <frame>
      <class>com.kms.katalon.core.main.TestCaseExecutor</class>
      <method>doExecute</method>
      <line>206</line>
    </frame>
    <frame>
      <class>com.kms.katalon.core.main.TestCaseExecutor</class>
      <method>processExecutionPhase</method>
      <line>185</line>
    </frame>
    <frame>
      <class>com.kms.katalon.core.main.TestCaseExecutor</class>
      <method>accessMainPhase</method>
      <line>177</line>
    </frame>
    <frame>
      <class>com.kms.katalon.core.main.TestCaseExecutor</class>
      <method>execute</method>
      <line>160</line>
    </frame>
    <frame>
      <class>com.kms.katalon.core.main.TestCaseMain</class>
      <method>runTestCase</method>
      <line>102</line>
    </frame>
    <frame>
      <class>com.kms.katalon.core.main.TestCaseMain$runTestCase$0</class>
      <method>call</method>
    </frame>
    <frame>
      <class>org.codehaus.groovy.runtime.callsite.CallSiteArray</class>
      <method>defaultCall</method>
      <line>48</line>
    </frame>
    <frame>
      <class>org.codehaus.groovy.runtime.callsite.AbstractCallSite</class>
      <method>call</method>
      <line>113</line>
    </frame>
    <frame>
      <class>org.codehaus.groovy.runtime.callsite.AbstractCallSite</class>
      <method>call</method>
      <line>141</line>
    </frame>
    <frame>
      <class>TempTestSuite1510828030128</class>
      <method>runTestCase_0</method>
      <line>18</line>
    </frame>
    <frame>
      <class>sun.reflect.NativeMethodAccessorImpl</class>
      <method>invoke0</method>
    </frame>
    <frame>
      <class>sun.reflect.NativeMethodAccessorImpl</class>
      <method>invoke</method>
      <line>62</line>
    </frame>
    <frame>
      <class>sun.reflect.DelegatingMethodAccessorImpl</class>
      <method>invoke</method>
      <line>43</line>
    </frame>
    <frame>
      <class>java.lang.reflect.Method</class>
      <method>invoke</method>
      <line>498</line>
    </frame>
    <frame>
      <class>org.codehaus.groovy.reflection.CachedMethod</class>
      <method>invoke</method>
      <line>93</line>
    </frame>
    <frame>
      <class>groovy.lang.MetaMethod</class>
      <method>doMethodInvoke</method>
      <line>325</line>
    </frame>
    <frame>
      <class>org.codehaus.groovy.runtime.metaclass.ClosureMetaClass</class>
      <method>invokeMethod</method>
      <line>384</line>
    </frame>
    <frame>
      <class>org.codehaus.groovy.runtime.ScriptBytecodeAdapter</class>
      <method>invokeMethodOnCurrentN</method>
      <line>82</line>
    </frame>
    <frame>
      <class>org.codehaus.groovy.runtime.ScriptBytecodeAdapter</class>
      <method>invokeMethodOnCurrent0</method>
      <line>113</line>
    </frame>
    <frame>
      <class>TempTestSuite1510828030128$_run_closure1</class>
      <method>doCall</method>
      <line>45</line>
    </frame>
    <frame>
      <class>sun.reflect.NativeMethodAccessorImpl</class>
      <method>invoke0</method>
    </frame>
    <frame>
      <class>sun.reflect.NativeMethodAccessorImpl</class>
      <method>invoke</method>
      <line>62</line>
    </frame>
    <frame>
      <class>sun.reflect.DelegatingMethodAccessorImpl</class>
      <method>invoke</method>
      <line>43</line>
    </frame>
    <frame>
      <class>java.lang.reflect.Method</class>
      <method>invoke</method>
      <line>498</line>
    </frame>
    <frame>
      <class>org.codehaus.groovy.reflection.CachedMethod</class>
      <method>invoke</method>
      <line>93</line>
    </frame>
    <frame>
      <class>groovy.lang.MetaMethod</class>
      <method>doMethodInvoke</method>
      <line>325</line>
    </frame>
    <frame>
      <class>org.codehaus.groovy.runtime.metaclass.ClosureMetaClass</class>
      <method>invokeMethod</method>
      <line>294</line>
    </frame>
    <frame>
      <class>groovy.lang.MetaClassImpl</class>
      <method>invokeMethod</method>
      <line>1024</line>
    </frame>
    <frame>
      <class>groovy.lang.Closure</class>
      <method>call</method>
      <line>414</line>
    </frame>
    <frame>
      <class>groovy.lang.Closure</class>
      <method>call</method>
      <line>430</line>
    </frame>
    <frame>
      <class>org.codehaus.groovy.runtime.DefaultGroovyMethods</class>
      <method>each</method>
      <line>2030</line>
    </frame>
    <frame>
      <class>org.codehaus.groovy.runtime.DefaultGroovyMethods</class>
      <method>each</method>
      <line>2015</line>
    </frame>
    <frame>
      <class>org.codehaus.groovy.runtime.DefaultGroovyMethods</class>
      <method>each</method>
      <line>2056</line>
    </frame>
    <frame>
      <class>org.codehaus.groovy.runtime.dgm$162</class>
      <method>invoke</method>
    </frame>
    <frame>
      <class>org.codehaus.groovy.runtime.callsite.PojoMetaMethodSite$PojoMetaMethodSiteNoUnwrapNoCoerce</class>
      <method>invoke</method>
      <line>274</line>
    </frame>
    <frame>
      <class>org.codehaus.groovy.runtime.callsite.PojoMetaMethodSite</class>
      <method>call</method>
      <line>56</line>
    </frame>
    <frame>
      <class>org.codehaus.groovy.runtime.callsite.CallSiteArray</class>
      <method>defaultCall</method>
      <line>48</line>
    </frame>
    <frame>
      <class>org.codehaus.groovy.runtime.callsite.AbstractCallSite</class>
      <method>call</method>
      <line>113</line>
    </frame>
    <frame>
      <class>org.codehaus.groovy.runtime.callsite.AbstractCallSite</class>
      <method>call</method>
      <line>125</line>
    </frame>
    <frame>
      <class>TempTestSuite1510828030128</class>
      <method>run</method>
      <line>44</line>
    </frame>
    <frame>
      <class>groovy.lang.GroovyShell</class>
      <method>runScriptOrMainOrTestOrRunnable</method>
      <line>263</line>
    </frame>
    <frame>
      <class>groovy.lang.GroovyShell</class>
      <method>run</method>
      <line>518</line>
    </frame>
    <frame>
      <class>groovy.lang.GroovyShell</class>
      <method>run</method>
      <line>507</line>
    </frame>
    <frame>
      <class>groovy.ui.GroovyMain</class>
      <method>processOnce</method>
      <line>653</line>
    </frame>
    <frame>
      <class>groovy.ui.GroovyMain</class>
      <method>run</method>
      <line>384</line>
    </frame>
    <frame>
      <class>groovy.ui.GroovyMain</class>
      <method>process</method>
      <line>370</line>
    </frame>
    <frame>
      <class>groovy.ui.GroovyMain</class>
      <method>processArgs</method>
      <line>129</line>
    </frame>
    <frame>
      <class>groovy.ui.GroovyMain</class>
      <method>main</method>
      <line>109</line>
    </frame>
    <frame>
      <class>sun.reflect.NativeMethodAccessorImpl</class>
      <method>invoke0</method>
    </frame>
    <frame>
      <class>sun.reflect.NativeMethodAccessorImpl</class>
      <method>invoke</method>
      <line>62</line>
    </frame>
    <frame>
      <class>sun.reflect.DelegatingMethodAccessorImpl</class>
      <method>invoke</method>
      <line>43</line>
    </frame>
    <frame>
      <class>java.lang.reflect.Method</class>
      <method>invoke</method>
      <line>498</line>
    </frame>
    <frame>
      <class>org.codehaus.groovy.tools.GroovyStarter</class>
      <method>rootLoader</method>
      <line>109</line>
    </frame>
    <frame>
      <class>org.codehaus.groovy.tools.GroovyStarter</class>
      <method>main</method>
      <line>131</line>
    </frame>
  </exception>
  <nestedLevel>0</nestedLevel>
</record>
<record>
  <date>2017-11-16T11:28:05</date>
  <millis>1510828085956</millis>
  <sequence>110</sequence>
  <level>END</level>
  <class>com.kms.katalon.core.logging.KeywordLogger</class>
  <method>endTest</method>
  <thread>1</thread>
  <message>End Test Case : Test Cases/LoginEditLogout/EditProfile</message>
  <nestedLevel>0</nestedLevel>
</record>
<record>
  <date>2017-11-16T11:28:06</date>
  <millis>1510828086873</millis>
  <sequence>111</sequence>
  <level>END</level>
  <class>com.kms.katalon.core.logging.KeywordLogger</class>
  <method>endSuite</method>
  <thread>1</thread>
  <message>End Test Suite : LoginEditForm</message>
  <nestedLevel>0</nestedLevel>
</record>
</log>
